1524156513.053613 client started (51430): version 2.7, socket /private/tmp/tmux-1475088944/default, protocol 8
1524156513.053645 on Darwin 16.7.0 Darwin Kernel Version 16.7.0: Thu Jan 11 22:59:40 PST 2018; root:xnu-3789.73.8~1/RELEASE_X86_64; libevent 2.1.8-stable (select)
1524156513.053689 socket is /private/tmp/tmux-1475088944/default
1524156513.053705 trying connect
1524156513.053787 add peer 0x7f7f6581c800: 6 (0x0)
1524156513.055036 sending message 100 to peer 0x7f7f6581c800 (4 bytes)
1524156513.055051 sending message 101 to peer 0x7f7f6581c800 (15 bytes)
1524156513.055056 sending message 102 to peer 0x7f7f6581c800 (13 bytes)
1524156513.055061 sending message 108 to peer 0x7f7f6581c800 (21 bytes)
1524156513.055073 sending message 104 to peer 0x7f7f6581c800 (0 bytes)
1524156513.055078 sending message 107 to peer 0x7f7f6581c800 (4 bytes)
1524156513.055083 sending message 105 to peer 0x7f7f6581c800 (23 bytes)
1524156513.055087 sending message 105 to peer 0x7f7f6581c800 (20 bytes)
1524156513.055092 sending message 105 to peer 0x7f7f6581c800 (16 bytes)
1524156513.055096 sending message 105 to peer 0x7f7f6581c800 (14 bytes)
1524156513.055100 sending message 105 to peer 0x7f7f6581c800 (35 bytes)
1524156513.055105 sending message 105 to peer 0x7f7f6581c800 (57 bytes)
1524156513.055109 sending message 105 to peer 0x7f7f6581c800 (76 bytes)
1524156513.055113 sending message 105 to peer 0x7f7f6581c800 (27 bytes)
1524156513.055118 sending message 105 to peer 0x7f7f6581c800 (33 bytes)
1524156513.055122 sending message 105 to peer 0x7f7f6581c800 (60 bytes)
1524156513.055126 sending message 105 to peer 0x7f7f6581c800 (13 bytes)
1524156513.055131 sending message 105 to peer 0x7f7f6581c800 (19 bytes)
1524156513.055135 sending message 105 to peer 0x7f7f6581c800 (18 bytes)
1524156513.055140 sending message 105 to peer 0x7f7f6581c800 (14 bytes)
1524156513.055144 sending message 105 to peer 0x7f7f6581c800 (108 bytes)
1524156513.055148 sending message 105 to peer 0x7f7f6581c800 (22 bytes)
1524156513.055153 sending message 105 to peer 0x7f7f6581c800 (66 bytes)
1524156513.055157 sending message 105 to peer 0x7f7f6581c800 (43 bytes)
1524156513.055162 sending message 105 to peer 0x7f7f6581c800 (19 bytes)
1524156513.055166 sending message 105 to peer 0x7f7f6581c800 (20 bytes)
1524156513.055170 sending message 105 to peer 0x7f7f6581c800 (32 bytes)
1524156513.055175 sending message 105 to peer 0x7f7f6581c800 (48 bytes)
1524156513.055179 sending message 105 to peer 0x7f7f6581c800 (298 bytes)
1524156513.055183 sending message 105 to peer 0x7f7f6581c800 (33 bytes)
1524156513.055188 sending message 105 to peer 0x7f7f6581c800 (25 bytes)
1524156513.055192 sending message 105 to peer 0x7f7f6581c800 (62 bytes)
1524156513.055197 sending message 105 to peer 0x7f7f6581c800 (75 bytes)
1524156513.055201 sending message 105 to peer 0x7f7f6581c800 (26 bytes)
1524156513.055205 sending message 105 to peer 0x7f7f6581c800 (17 bytes)
1524156513.055210 sending message 105 to peer 0x7f7f6581c800 (22 bytes)
1524156513.055214 sending message 105 to peer 0x7f7f6581c800 (14 bytes)
1524156513.055219 sending message 105 to peer 0x7f7f6581c800 (189 bytes)
1524156513.055223 sending message 105 to peer 0x7f7f6581c800 (11 bytes)
1524156513.055227 sending message 105 to peer 0x7f7f6581c800 (23 bytes)
1524156513.055232 sending message 105 to peer 0x7f7f6581c800 (19 bytes)
1524156513.055236 sending message 105 to peer 0x7f7f6581c800 (21 bytes)
1524156513.055240 sending message 105 to peer 0x7f7f6581c800 (23 bytes)
1524156513.055245 sending message 105 to peer 0x7f7f6581c800 (8 bytes)
1524156513.055249 sending message 105 to peer 0x7f7f6581c800 (21 bytes)
1524156513.055254 sending message 105 to peer 0x7f7f6581c800 (14 bytes)
1524156513.055258 sending message 105 to peer 0x7f7f6581c800 (26 bytes)
1524156513.055262 sending message 105 to peer 0x7f7f6581c800 (61 bytes)
1524156513.055267 sending message 105 to peer 0x7f7f6581c800 (13 bytes)
1524156513.055271 sending message 105 to peer 0x7f7f6581c800 (17 bytes)
1524156513.055275 sending message 105 to peer 0x7f7f6581c800 (26 bytes)
1524156513.055280 sending message 105 to peer 0x7f7f6581c800 (28 bytes)
1524156513.055293 sending message 105 to peer 0x7f7f6581c800 (20 bytes)
1524156513.055298 sending message 105 to peer 0x7f7f6581c800 (22 bytes)
1524156513.055303 sending message 105 to peer 0x7f7f6581c800 (35 bytes)
1524156513.055307 sending message 106 to peer 0x7f7f6581c800 (0 bytes)
1524156513.055314 sending message 200 to peer 0x7f7f6581c800 (4 bytes)
1524156513.055319 client loop enter
1524156513.056513 peer 0x7f7f6581c800 message 207
1524156513.056524 sending message 208 to peer 0x7f7f6581c800 (0 bytes)
1524156519.343235 peer 0x7f7f6581c800 message 203
1524156519.343255 sending message 205 to peer 0x7f7f6581c800 (0 bytes)
1524156519.343487 peer 0x7f7f6581c800 message 204
1524156519.343498 client loop exit
